<?xml version="1.0" encoding="UTF-8"?>
<!-- Generated by org.testng.reporters.JUnitXMLReporter -->
<testsuite hostname="huangwz" ignored="0" name="用户管理系统测试用例" tests="7" failures="1" timestamp="21 十一月 2019 05:57:22 GMT" time="11.014" errors="0">
  <testcase name="loginTrue" time="1.317" classname="com.course.cases.LoginTest"/>
  <testcase name="loginFalse" time="0.079" classname="com.course.cases.LoginTest"/>
  <testcase name="addUser" time="3.102" classname="com.course.cases.AddUserTest">
    <failure type="org.apache.ibatis.exceptions.TooManyResultsException" message="Expected one result (or null) to be returned by selectOne(), but found: 2">
      <![CDATA[org.apache.ibatis.exceptions.TooManyResultsException: Expected one result (or null) to be returned by selectOne(), but found: 2
	at org.apache.ibatis.session.defaults.DefaultSqlSession.selectOne(DefaultSqlSession.java:81)
	at com.course.cases.AddUserTest.addUser(AddUserTest.java:31)
... Removed 34 stack frames]]>
    </failure>
  </testcase> <!-- addUser -->
  <testcase name="getUserInfo" time="0.134" classname="com.course.cases.GetUserInfoTest"/>
  <testcase name="updateUserInfo" time="3.126" classname="com.course.cases.UpdateUserInfoTest"/>
  <testcase name="deleteUser" time="3.078" classname="com.course.cases.UpdateUserInfoTest"/>
  <testcase name="getUserListInfo" time="0.089" classname="com.course.cases.GetUserInfoListTest"/>
</testsuite> <!-- 用户管理系统测试用例 -->
