<?xml version="1.0" encoding="UTF-8" ?>
<testsuite tests="7" failures="1" name="TestSuite" time="12.721" errors="0" skipped="0">
  <properties>
[...]
</properties>
  <testcase classname="com.course.cases.LoginTest" name="loginTrue" time="1.319"/>
  <testcase classname="com.course.cases.LoginTest" name="loginFalse" time="0.07"/>
  <testcase classname="com.course.cases.AddUserTest" name="addUser" time="3.155">
    <failure message="Expected one result (or null) to be returned by selectOne(), but found: 2" type="org.apache.ibatis.exceptions.TooManyResultsException">org.apache.ibatis.exceptions.TooManyResultsException: Expected one result (or null) to be returned by selectOne(), but found: 2
	at org.apache.ibatis.session.defaults.DefaultSqlSession.selectOne(DefaultSqlSession.java:81)
	at com.course.cases.AddUserTest.addUser(AddUserTest.java:31)
</failure>
    <system-out>AddUserCase(userName=zhao9, password=zhaozhao, sex=0, age=35, permission=1, isDelete=0, expected=true)
http://localhost:8899/v1/addUser
</system-out>
  </testcase>
  <testcase classname="com.course.cases.GetUserInfoTest" name="getUserInfo" time="0.118"/>
  <testcase classname="com.course.cases.UpdateUserInfoTest" name="updateUserInfo" time="3.092"/>
  <testcase classname="com.course.cases.UpdateUserInfoTest" name="deleteUser" time="3.08"/>
  <testcase classname="com.course.cases.GetUserInfoListTest" name="getUserListInfo" time="0.168"/>
</testsuite>